

***********************************************************************
Fatal NI connect error 12514, connecting to:
 (DESCRIPTION=(CONNECT_DATA=(SID=*)(SERVICE_NAME=ydoradev.ymp.gov)(CID=(PROGRAM=)(HOST=ydappdev)(USER=apache2)))(ADDRESS=(PROTOCOL=TCP)(HOST=ydoradev.ymp.gov)(PORT=1521)))

  VERSION INFORMATION:
	TNS for Solaris: Version 8.1.7.0.0 - Production
	TCP/IP NT Protocol Adapter for Solaris: Version 8.1.7.0.0 - Production
  Time: 27-OCT-2006 08:47:42
  Tracing not turned on.
  Tns error struct:
    nr err code: 0
    ns main err code: 12564
    TNS-12564: Message 12564 not found; No message file for product=network, facility=TNS
    ns secondary err code: 0
    nt main err code: 0
    nt secondary err code: 0
    nt OS err code: 0


***********************************************************************
Fatal NI connect error 12514, connecting to:
 (DESCRIPTION=(CONNECT_DATA=(SID=*)(SERVICE_NAME=ydoradev.ymp.gov)(CID=(PROGRAM=)(HOST=ydappdev)(USER=apache2)))(ADDRESS=(PROTOCOL=TCP)(HOST=ydoradev.ymp.gov)(PORT=1521)))

  VERSION INFORMATION:
	TNS for Solaris: Version 8.1.7.0.0 - Production
	TCP/IP NT Protocol Adapter for Solaris: Version 8.1.7.0.0 - Production
  Time: 27-OCT-2006 08:47:56
  Tracing not turned on.
  Tns error struct:
    nr err code: 0
    ns main err code: 12564
    TNS-12564: Message 12564 not found; No message file for product=network, facility=TNS
    ns secondary err code: 0
    nt main err code: 0
    nt secondary err code: 0
    nt OS err code: 0


***********************************************************************
Fatal NI connect error 12514, connecting to:
 (DESCRIPTION=(CONNECT_DATA=(SID=*)(SERVICE_NAME=ydoradev.ymp.gov)(CID=(PROGRAM=)(HOST=ydappdev)(USER=apache2)))(ADDRESS=(PROTOCOL=TCP)(HOST=ydoradev.ymp.gov)(PORT=1521)))

  VERSION INFORMATION:
	TNS for Solaris: Version 8.1.7.0.0 - Production
	TCP/IP NT Protocol Adapter for Solaris: Version 8.1.7.0.0 - Production
  Time: 27-OCT-2006 09:19:31
  Tracing not turned on.
  Tns error struct:
    nr err code: 0
    ns main err code: 12564
    TNS-12564: Message 12564 not found; No message file for product=network, facility=TNS
    ns secondary err code: 0
    nt main err code: 0
    nt secondary err code: 0
    nt OS err code: 0


***********************************************************************
Fatal NI connect error 12514, connecting to:
 (DESCRIPTION=(CONNECT_DATA=(SID=*)(SERVICE_NAME=192.12.95.114)(CID=(PROGRAM=)(HOST=ydappdev)(USER=apache2)))(ADDRESS=(PROTOCOL=TCP)(HOST=192.12.95.114)(PORT=1521)))

  VERSION INFORMATION:
	TNS for Solaris: Version 8.1.7.0.0 - Production
	TCP/IP NT Protocol Adapter for Solaris: Version 8.1.7.0.0 - Production
  Time: 27-OCT-2006 09:23:16
  Tracing not turned on.
  Tns error struct:
    nr err code: 0
    ns main err code: 12564
    TNS-12564: Message 12564 not found; No message file for product=network, facility=TNS
    ns secondary err code: 0
    nt main err code: 0
    nt secondary err code: 0
    nt OS err code: 0


***********************************************************************
Fatal NI connect error 12505, connecting to:
 (DESCRIPTION=(ADDRESS=(HOST=ydoradev.ymp.gov)(PROTOCOL=tcp)(PORT=1521))(CONNECT_DATA=(SID=ydora)(CID=(PROGRAM=)(HOST=ydappdev)(USER=apache2))))

  VERSION INFORMATION:
	TNS for Solaris: Version 8.1.7.0.0 - Production
	TCP/IP NT Protocol Adapter for Solaris: Version 8.1.7.0.0 - Production
  Time: 27-OCT-2006 09:23:59
  Tracing not turned on.
  Tns error struct:
    nr err code: 0
    ns main err code: 12564
    TNS-12564: Message 12564 not found; No message file for product=network, facility=TNS
    ns secondary err code: 12560
    nt main err code: 511
    TNS-00511: Message 511 not found; No message file for product=network, facility=TNS
    nt secondary err code: 146
    nt OS err code: 0


***********************************************************************
Fatal NI connect error 12505, connecting to:
 (DESCRIPTION=(ADDRESS=(HOST=ydoradev.ymp.gov)(PROTOCOL=tcp)(PORT=1521))(CONNECT_DATA=(SID=ora)(CID=(PROGRAM=)(HOST=ydappdev)(USER=apache2))))

  VERSION INFORMATION:
	TNS for Solaris: Version 8.1.7.0.0 - Production
	TCP/IP NT Protocol Adapter for Solaris: Version 8.1.7.0.0 - Production
  Time: 27-OCT-2006 09:24:15
  Tracing not turned on.
  Tns error struct:
    nr err code: 0
    ns main err code: 12564
    TNS-12564: Message 12564 not found; No message file for product=network, facility=TNS
    ns secondary err code: 12560
    nt main err code: 511
    TNS-00511: Message 511 not found; No message file for product=network, facility=TNS
    nt secondary err code: 146
    nt OS err code: 0


***********************************************************************
Fatal NI connect error 12514, connecting to:
 (DESCRIPTION=(CONNECT_DATA=(SID=*)(SERVICE_NAME=ydoradev.ymp.gov)(CID=(PROGRAM=)(HOST=ydappdev)(USER=apache2)))(ADDRESS=(PROTOCOL=TCP)(HOST=ydoradev.ymp.gov)(PORT=1521)))

  VERSION INFORMATION:
	TNS for Solaris: Version 8.1.7.0.0 - Production
	TCP/IP NT Protocol Adapter for Solaris: Version 8.1.7.0.0 - Production
  Time: 27-OCT-2006 09:38:18
  Tracing not turned on.
  Tns error struct:
    nr err code: 0
    ns main err code: 12564
    TNS-12564: Message 12564 not found; No message file for product=network, facility=TNS
    ns secondary err code: 0
    nt main err code: 0
    nt secondary err code: 0
    nt OS err code: 0


***********************************************************************
Fatal NI connect error 12514, connecting to:
 (DESCRIPTION=(CONNECT_DATA=(SID=*)(SERVICE_NAME=ydoraprd.ymp.gov)(CID=(PROGRAM=)(HOST=ydappdev)(USER=apache2)))(ADDRESS=(PROTOCOL=TCP)(HOST=ydoraprd.ymp.gov)(PORT=1521)))

  VERSION INFORMATION:
	TNS for Solaris: Version 8.1.7.0.0 - Production
	TCP/IP NT Protocol Adapter for Solaris: Version 8.1.7.0.0 - Production
  Time: 27-OCT-2006 09:48:30
  Tracing not turned on.
  Tns error struct:
    nr err code: 0
    ns main err code: 12564
    TNS-12564: Message 12564 not found; No message file for product=network, facility=TNS
    ns secondary err code: 0
    nt main err code: 0
    nt secondary err code: 0
    nt OS err code: 0


***********************************************************************
Fatal NI connect error 12514, connecting to:
 (DESCRIPTION=(CONNECT_DATA=(SID=*)(SERVICE_NAME=ydoraprd.ymp.gov)(CID=(PROGRAM=)(HOST=ydappdev)(USER=apache2)))(ADDRESS=(PROTOCOL=TCP)(HOST=ydoraprd.ymp.gov)(PORT=1521)))

  VERSION INFORMATION:
	TNS for Solaris: Version 8.1.7.0.0 - Production
	TCP/IP NT Protocol Adapter for Solaris: Version 8.1.7.0.0 - Production
  Time: 27-OCT-2006 09:48:42
  Tracing not turned on.
  Tns error struct:
    nr err code: 0
    ns main err code: 12564
    TNS-12564: Message 12564 not found; No message file for product=network, facility=TNS
    ns secondary err code: 0
    nt main err code: 0
    nt secondary err code: 0
    nt OS err code: 0
