

***********************************************************************
Fatal NI connect error 12541, connecting to:
 (DESCRIPTION=(CONNECT_DATA=(SID=*)(SERVICE_NAME=ydoradev.)(CID=(PROGRAM=)(HOST=ydappdev)(USER=apache2)))(ADDRESS=(PROTOCOL=TCP)(HOST=ydoradev)(PORT=1521)))

  VERSION INFORMATION:
	TNS for Solaris: Version 8.1.7.0.0 - Production
	TCP/IP NT Protocol Adapter for Solaris: Version 8.1.7.0.0 - Production
  Time: 02-JAN-2007 11:33:14
  Tracing not turned on.
  Tns error struct:
    nr err code: 0
    ns main err code: 12541
    TNS-12541: Message 12541 not found; No message file for product=network, facility=TNS
    ns secondary err code: 12560
    nt main err code: 511
    TNS-00511: Message 511 not found; No message file for product=network, facility=TNS
    nt secondary err code: 146
    nt OS err code: 0


***********************************************************************
Fatal NI connect error 12541, connecting to:
 (DESCRIPTION=(CONNECT_DATA=(SID=*)(SERVICE_NAME=ydoradev.)(CID=(PROGRAM=)(HOST=ydappdev)(USER=apache2)))(ADDRESS=(PROTOCOL=TCP)(HOST=ydoradev)(PORT=1521)))

  VERSION INFORMATION:
	TNS for Solaris: Version 8.1.7.0.0 - Production
	TCP/IP NT Protocol Adapter for Solaris: Version 8.1.7.0.0 - Production
  Time: 02-JAN-2007 11:33:16
  Tracing not turned on.
  Tns error struct:
    nr err code: 0
    ns main err code: 12541
    TNS-12541: Message 12541 not found; No message file for product=network, facility=TNS
    ns secondary err code: 12560
    nt main err code: 511
    TNS-00511: Message 511 not found; No message file for product=network, facility=TNS
    nt secondary err code: 146
    nt OS err code: 0


***********************************************************************
Fatal NI connect error 12541, connecting to:
 (DESCRIPTION=(CONNECT_DATA=(SID=*)(SERVICE_NAME=ydoradev.)(CID=(PROGRAM=)(HOST=ydappdev)(USER=apache2)))(ADDRESS=(PROTOCOL=TCP)(HOST=ydoradev)(PORT=1521)))

  VERSION INFORMATION:
	TNS for Solaris: Version 8.1.7.0.0 - Production
	TCP/IP NT Protocol Adapter for Solaris: Version 8.1.7.0.0 - Production
  Time: 02-JAN-2007 11:33:16
  Tracing not turned on.
  Tns error struct:
    nr err code: 0
    ns main err code: 12541
    TNS-12541: Message 12541 not found; No message file for product=network, facility=TNS
    ns secondary err code: 12560
    nt main err code: 511
    TNS-00511: Message 511 not found; No message file for product=network, facility=TNS
    nt secondary err code: 146
    nt OS err code: 0


***********************************************************************
Fatal NI connect error 12541, connecting to:
 (DESCRIPTION=(CONNECT_DATA=(SID=*)(SERVICE_NAME=ydoradev.)(CID=(PROGRAM=)(HOST=ydappdev)(USER=apache2)))(ADDRESS=(PROTOCOL=TCP)(HOST=ydoradev)(PORT=1521)))

  VERSION INFORMATION:
	TNS for Solaris: Version 8.1.7.0.0 - Production
	TCP/IP NT Protocol Adapter for Solaris: Version 8.1.7.0.0 - Production
  Time: 02-JAN-2007 12:50:12
  Tracing not turned on.
  Tns error struct:
    nr err code: 0
    ns main err code: 12541
    TNS-12541: Message 12541 not found; No message file for product=network, facility=TNS
    ns secondary err code: 12560
    nt main err code: 511
    TNS-00511: Message 511 not found; No message file for product=network, facility=TNS
    nt secondary err code: 146
    nt OS err code: 0


***********************************************************************
Fatal NI connect error 12541, connecting to:
 (DESCRIPTION=(CONNECT_DATA=(SID=*)(SERVICE_NAME=ydoradev.)(CID=(PROGRAM=)(HOST=ydappdev)(USER=apache2)))(ADDRESS=(PROTOCOL=TCP)(HOST=ydoradev)(PORT=1521)))

  VERSION INFORMATION:
	TNS for Solaris: Version 8.1.7.0.0 - Production
	TCP/IP NT Protocol Adapter for Solaris: Version 8.1.7.0.0 - Production
  Time: 02-JAN-2007 12:50:12
  Tracing not turned on.
  Tns error struct:
    nr err code: 0
    ns main err code: 12541
    TNS-12541: Message 12541 not found; No message file for product=network, facility=TNS
    ns secondary err code: 12560
    nt main err code: 511
    TNS-00511: Message 511 not found; No message file for product=network, facility=TNS
    nt secondary err code: 146
    nt OS err code: 0


***********************************************************************
Fatal NI connect error 12541, connecting to:
 (DESCRIPTION=(CONNECT_DATA=(SID=*)(SERVICE_NAME=ydoradev.)(CID=(PROGRAM=)(HOST=ydappdev)(USER=apache2)))(ADDRESS=(PROTOCOL=TCP)(HOST=ydoradev)(PORT=1521)))

  VERSION INFORMATION:
	TNS for Solaris: Version 8.1.7.0.0 - Production
	TCP/IP NT Protocol Adapter for Solaris: Version 8.1.7.0.0 - Production
  Time: 02-JAN-2007 15:13:01
  Tracing not turned on.
  Tns error struct:
    nr err code: 0
    ns main err code: 12541
    TNS-12541: Message 12541 not found; No message file for product=network, facility=TNS
    ns secondary err code: 12560
    nt main err code: 511
    TNS-00511: Message 511 not found; No message file for product=network, facility=TNS
    nt secondary err code: 146
    nt OS err code: 0


***********************************************************************
Fatal NI connect error 12541, connecting to:
 (DESCRIPTION=(CONNECT_DATA=(SID=*)(SERVICE_NAME=ydoradev.)(CID=(PROGRAM=)(HOST=ydappdev)(USER=apache2)))(ADDRESS=(PROTOCOL=TCP)(HOST=ydoradev)(PORT=1521)))

  VERSION INFORMATION:
	TNS for Solaris: Version 8.1.7.0.0 - Production
	TCP/IP NT Protocol Adapter for Solaris: Version 8.1.7.0.0 - Production
  Time: 02-JAN-2007 15:13:02
  Tracing not turned on.
  Tns error struct:
    nr err code: 0
    ns main err code: 12541
    TNS-12541: Message 12541 not found; No message file for product=network, facility=TNS
    ns secondary err code: 12560
    nt main err code: 511
    TNS-00511: Message 511 not found; No message file for product=network, facility=TNS
    nt secondary err code: 146
    nt OS err code: 0


***********************************************************************
Fatal NI connect error 12541, connecting to:
 (DESCRIPTION=(CONNECT_DATA=(SID=*)(SERVICE_NAME=ydoradev.)(CID=(PROGRAM=)(HOST=ydappdev)(USER=apache2)))(ADDRESS=(PROTOCOL=TCP)(HOST=ydoradev)(PORT=1521)))

  VERSION INFORMATION:
	TNS for Solaris: Version 8.1.7.0.0 - Production
	TCP/IP NT Protocol Adapter for Solaris: Version 8.1.7.0.0 - Production
  Time: 02-JAN-2007 15:13:02
  Tracing not turned on.
  Tns error struct:
    nr err code: 0
    ns main err code: 12541
    TNS-12541: Message 12541 not found; No message file for product=network, facility=TNS
    ns secondary err code: 12560
    nt main err code: 511
    TNS-00511: Message 511 not found; No message file for product=network, facility=TNS
    nt secondary err code: 146
    nt OS err code: 0


***********************************************************************
Fatal NI connect error 12541, connecting to:
 (DESCRIPTION=(CONNECT_DATA=(SID=*)(SERVICE_NAME=ydoradev.ymp.gov)(CID=(PROGRAM=)(HOST=ydappdev)(USER=apache2)))(ADDRESS=(PROTOCOL=TCP)(HOST=ydoradev)(PORT=1521)))

  VERSION INFORMATION:
	TNS for Solaris: Version 8.1.7.0.0 - Production
	TCP/IP NT Protocol Adapter for Solaris: Version 8.1.7.0.0 - Production
  Time: 16-NOV-2007 10:18:56
  Tracing not turned on.
  Tns error struct:
    nr err code: 0
    ns main err code: 12541
    TNS-12541: Message 12541 not found; No message file for product=network, facility=TNS
    ns secondary err code: 12560
    nt main err code: 511
    TNS-00511: Message 511 not found; No message file for product=network, facility=TNS
    nt secondary err code: 146
    nt OS err code: 0


***********************************************************************
Fatal NI connect error 12541, connecting to:
 (DESCRIPTION=(CONNECT_DATA=(SID=*)(SERVICE_NAME=ydoradev.ymp.gov)(CID=(PROGRAM=)(HOST=ydappdev)(USER=apache2)))(ADDRESS=(PROTOCOL=TCP)(HOST=ydoradev)(PORT=1521)))

  VERSION INFORMATION:
	TNS for Solaris: Version 8.1.7.0.0 - Production
	TCP/IP NT Protocol Adapter for Solaris: Version 8.1.7.0.0 - Production
  Time: 16-NOV-2007 10:18:57
  Tracing not turned on.
  Tns error struct:
    nr err code: 0
    ns main err code: 12541
    TNS-12541: Message 12541 not found; No message file for product=network, facility=TNS
    ns secondary err code: 12560
    nt main err code: 511
    TNS-00511: Message 511 not found; No message file for product=network, facility=TNS
    nt secondary err code: 146
    nt OS err code: 0


***********************************************************************
Fatal NI connect error 12541, connecting to:
 (DESCRIPTION=(CONNECT_DATA=(SID=*)(SERVICE_NAME=ydoradev.ymp.gov)(CID=(PROGRAM=)(HOST=ydappdev)(USER=apache2)))(ADDRESS=(PROTOCOL=TCP)(HOST=ydoradev)(PORT=1521)))

  VERSION INFORMATION:
	TNS for Solaris: Version 8.1.7.0.0 - Production
	TCP/IP NT Protocol Adapter for Solaris: Version 8.1.7.0.0 - Production
  Time: 16-NOV-2007 10:18:57
  Tracing not turned on.
  Tns error struct:
    nr err code: 0
    ns main err code: 12541
    TNS-12541: Message 12541 not found; No message file for product=network, facility=TNS
    ns secondary err code: 12560
    nt main err code: 511
    TNS-00511: Message 511 not found; No message file for product=network, facility=TNS
    nt secondary err code: 146
    nt OS err code: 0


***********************************************************************
Fatal NI connect error 12541, connecting to:
 (DESCRIPTION=(CONNECT_DATA=(SID=*)(SERVICE_NAME=ydoradev.ymp.gov)(CID=(PROGRAM=)(HOST=ydappdev)(USER=apache2)))(ADDRESS=(PROTOCOL=TCP)(HOST=ydoradev)(PORT=1521)))

  VERSION INFORMATION:
	TNS for Solaris: Version 8.1.7.0.0 - Production
	TCP/IP NT Protocol Adapter for Solaris: Version 8.1.7.0.0 - Production
  Time: 16-NOV-2007 10:19:00
  Tracing not turned on.
  Tns error struct:
    nr err code: 0
    ns main err code: 12541
    TNS-12541: Message 12541 not found; No message file for product=network, facility=TNS
    ns secondary err code: 12560
    nt main err code: 511
    TNS-00511: Message 511 not found; No message file for product=network, facility=TNS
    nt secondary err code: 146
    nt OS err code: 0


***********************************************************************
Fatal NI connect error 12541, connecting to:
 (DESCRIPTION=(CONNECT_DATA=(SID=*)(SERVICE_NAME=ydoradev.ymp.gov)(CID=(PROGRAM=)(HOST=ydappdev)(USER=apache2)))(ADDRESS=(PROTOCOL=TCP)(HOST=ydoradev)(PORT=1521)))

  VERSION INFORMATION:
	TNS for Solaris: Version 8.1.7.0.0 - Production
	TCP/IP NT Protocol Adapter for Solaris: Version 8.1.7.0.0 - Production
  Time: 16-NOV-2007 10:19:01
  Tracing not turned on.
  Tns error struct:
    nr err code: 0
    ns main err code: 12541
    TNS-12541: Message 12541 not found; No message file for product=network, facility=TNS
    ns secondary err code: 12560
    nt main err code: 511
    TNS-00511: Message 511 not found; No message file for product=network, facility=TNS
    nt secondary err code: 146
    nt OS err code: 0


***********************************************************************
Fatal NI connect error 12541, connecting to:
 (DESCRIPTION=(CONNECT_DATA=(SID=*)(SERVICE_NAME=ydoradev.ymp.gov)(CID=(PROGRAM=)(HOST=ydappdev)(USER=apache2)))(ADDRESS=(PROTOCOL=TCP)(HOST=ydoradev)(PORT=1521)))

  VERSION INFORMATION:
	TNS for Solaris: Version 8.1.7.0.0 - Production
	TCP/IP NT Protocol Adapter for Solaris: Version 8.1.7.0.0 - Production
  Time: 16-NOV-2007 10:19:01
  Tracing not turned on.
  Tns error struct:
    nr err code: 0
    ns main err code: 12541
    TNS-12541: Message 12541 not found; No message file for product=network, facility=TNS
    ns secondary err code: 12560
    nt main err code: 511
    TNS-00511: Message 511 not found; No message file for product=network, facility=TNS
    nt secondary err code: 146
    nt OS err code: 0


***********************************************************************
Fatal NI connect error 12541, connecting to:
 (DESCRIPTION=(CONNECT_DATA=(SID=*)(SERVICE_NAME=ydoradev.ymp.gov)(CID=(PROGRAM=)(HOST=ydappdev)(USER=apache2)))(ADDRESS=(PROTOCOL=TCP)(HOST=ydoradev)(PORT=1521)))

  VERSION INFORMATION:
	TNS for Solaris: Version 8.1.7.0.0 - Production
	TCP/IP NT Protocol Adapter for Solaris: Version 8.1.7.0.0 - Production
  Time: 16-NOV-2007 10:19:28
  Tracing not turned on.
  Tns error struct:
    nr err code: 0
    ns main err code: 12541
    TNS-12541: Message 12541 not found; No message file for product=network, facility=TNS
    ns secondary err code: 12560
    nt main err code: 511
    TNS-00511: Message 511 not found; No message file for product=network, facility=TNS
    nt secondary err code: 146
    nt OS err code: 0


***********************************************************************
Fatal NI connect error 12541, connecting to:
 (DESCRIPTION=(CONNECT_DATA=(SID=*)(SERVICE_NAME=ydoradev.ymp.gov)(CID=(PROGRAM=)(HOST=ydappdev)(USER=apache2)))(ADDRESS=(PROTOCOL=TCP)(HOST=ydoradev)(PORT=1521)))

  VERSION INFORMATION:
	TNS for Solaris: Version 8.1.7.0.0 - Production
	TCP/IP NT Protocol Adapter for Solaris: Version 8.1.7.0.0 - Production
  Time: 16-NOV-2007 10:19:28
  Tracing not turned on.
  Tns error struct:
    nr err code: 0
    ns main err code: 12541
    TNS-12541: Message 12541 not found; No message file for product=network, facility=TNS
    ns secondary err code: 12560
    nt main err code: 511
    TNS-00511: Message 511 not found; No message file for product=network, facility=TNS
    nt secondary err code: 146
    nt OS err code: 0


***********************************************************************
Fatal NI connect error 12541, connecting to:
 (DESCRIPTION=(CONNECT_DATA=(SID=*)(SERVICE_NAME=ydoradev.ymp.gov)(CID=(PROGRAM=)(HOST=ydappdev)(USER=apache2)))(ADDRESS=(PROTOCOL=TCP)(HOST=ydoradev)(PORT=1521)))

  VERSION INFORMATION:
	TNS for Solaris: Version 8.1.7.0.0 - Production
	TCP/IP NT Protocol Adapter for Solaris: Version 8.1.7.0.0 - Production
  Time: 16-NOV-2007 10:19:29
  Tracing not turned on.
  Tns error struct:
    nr err code: 0
    ns main err code: 12541
    TNS-12541: Message 12541 not found; No message file for product=network, facility=TNS
    ns secondary err code: 12560
    nt main err code: 511
    TNS-00511: Message 511 not found; No message file for product=network, facility=TNS
    nt secondary err code: 146
    nt OS err code: 0


***********************************************************************
Fatal NI connect error 12541, connecting to:
 (DESCRIPTION=(CONNECT_DATA=(SID=*)(SERVICE_NAME=ydoradev.)(CID=(PROGRAM=)(HOST=ydappdev)(USER=apache2)))(ADDRESS=(PROTOCOL=TCP)(HOST=ydoradev)(PORT=1521)))

  VERSION INFORMATION:
	TNS for Solaris: Version 8.1.7.0.0 - Production
	TCP/IP NT Protocol Adapter for Solaris: Version 8.1.7.0.0 - Production
  Time: 05-FEB-2008 12:17:51
  Tracing not turned on.
  Tns error struct:
    nr err code: 0
    ns main err code: 12541
    TNS-12541: Message 12541 not found; No message file for product=network, facility=TNS
    ns secondary err code: 12560
    nt main err code: 511
    TNS-00511: Message 511 not found; No message file for product=network, facility=TNS
    nt secondary err code: 146
    nt OS err code: 0


***********************************************************************
Fatal NI connect error 12541, connecting to:
 (DESCRIPTION=(CONNECT_DATA=(SID=*)(SERVICE_NAME=ydoradev.)(CID=(PROGRAM=)(HOST=ydappdev)(USER=apache2)))(ADDRESS=(PROTOCOL=TCP)(HOST=ydoradev)(PORT=1521)))

  VERSION INFORMATION:
	TNS for Solaris: Version 8.1.7.0.0 - Production
	TCP/IP NT Protocol Adapter for Solaris: Version 8.1.7.0.0 - Production
  Time: 05-FEB-2008 12:17:53
  Tracing not turned on.
  Tns error struct:
    nr err code: 0
    ns main err code: 12541
    TNS-12541: Message 12541 not found; No message file for product=network, facility=TNS
    ns secondary err code: 12560
    nt main err code: 511
    TNS-00511: Message 511 not found; No message file for product=network, facility=TNS
    nt secondary err code: 146
    nt OS err code: 0


***********************************************************************
Fatal NI connect error 12541, connecting to:
 (DESCRIPTION=(CONNECT_DATA=(SID=*)(SERVICE_NAME=ydoradev.)(CID=(PROGRAM=)(HOST=ydappdev)(USER=apache2)))(ADDRESS=(PROTOCOL=TCP)(HOST=ydoradev)(PORT=1521)))

  VERSION INFORMATION:
	TNS for Solaris: Version 8.1.7.0.0 - Production
	TCP/IP NT Protocol Adapter for Solaris: Version 8.1.7.0.0 - Production
  Time: 05-FEB-2008 12:17:54
  Tracing not turned on.
  Tns error struct:
    nr err code: 0
    ns main err code: 12541
    TNS-12541: Message 12541 not found; No message file for product=network, facility=TNS
    ns secondary err code: 12560
    nt main err code: 511
    TNS-00511: Message 511 not found; No message file for product=network, facility=TNS
    nt secondary err code: 146
    nt OS err code: 0


***********************************************************************
Fatal NI connect error 12541, connecting to:
 (DESCRIPTION=(CONNECT_DATA=(SID=*)(SERVICE_NAME=ydoradev.)(CID=(PROGRAM=)(HOST=ydappdev)(USER=apache2)))(ADDRESS=(PROTOCOL=TCP)(HOST=ydoradev)(PORT=1521)))

  VERSION INFORMATION:
	TNS for Solaris: Version 8.1.7.0.0 - Production
	TCP/IP NT Protocol Adapter for Solaris: Version 8.1.7.0.0 - Production
  Time: 05-FEB-2008 12:17:54
  Tracing not turned on.
  Tns error struct:
    nr err code: 0
    ns main err code: 12541
    TNS-12541: Message 12541 not found; No message file for product=network, facility=TNS
    ns secondary err code: 12560
    nt main err code: 511
    TNS-00511: Message 511 not found; No message file for product=network, facility=TNS
    nt secondary err code: 146
    nt OS err code: 0


***********************************************************************
Fatal NI connect error 12541, connecting to:
 (DESCRIPTION=(CONNECT_DATA=(SID=*)(SERVICE_NAME=ydoradev.)(CID=(PROGRAM=)(HOST=ydappdev)(USER=apache2)))(ADDRESS=(PROTOCOL=TCP)(HOST=ydoradev)(PORT=1521)))

  VERSION INFORMATION:
	TNS for Solaris: Version 8.1.7.0.0 - Production
	TCP/IP NT Protocol Adapter for Solaris: Version 8.1.7.0.0 - Production
  Time: 05-FEB-2008 12:18:03
  Tracing not turned on.
  Tns error struct:
    nr err code: 0
    ns main err code: 12541
    TNS-12541: Message 12541 not found; No message file for product=network, facility=TNS
    ns secondary err code: 12560
    nt main err code: 511
    TNS-00511: Message 511 not found; No message file for product=network, facility=TNS
    nt secondary err code: 146
    nt OS err code: 0


***********************************************************************
Fatal NI connect error 12541, connecting to:
 (DESCRIPTION=(CONNECT_DATA=(SID=*)(SERVICE_NAME=ydoradev.)(CID=(PROGRAM=)(HOST=ydappdev)(USER=apache2)))(ADDRESS=(PROTOCOL=TCP)(HOST=ydoradev)(PORT=1521)))

  VERSION INFORMATION:
	TNS for Solaris: Version 8.1.7.0.0 - Production
	TCP/IP NT Protocol Adapter for Solaris: Version 8.1.7.0.0 - Production
  Time: 05-FEB-2008 12:18:03
  Tracing not turned on.
  Tns error struct:
    nr err code: 0
    ns main err code: 12541
    TNS-12541: Message 12541 not found; No message file for product=network, facility=TNS
    ns secondary err code: 12560
    nt main err code: 511
    TNS-00511: Message 511 not found; No message file for product=network, facility=TNS
    nt secondary err code: 146
    nt OS err code: 0


***********************************************************************
Fatal NI connect error 12541, connecting to:
 (DESCRIPTION=(CONNECT_DATA=(SID=*)(SERVICE_NAME=ydoradev.)(CID=(PROGRAM=)(HOST=ydappdev)(USER=apache2)))(ADDRESS=(PROTOCOL=TCP)(HOST=ydoradev)(PORT=1521)))

  VERSION INFORMATION:
	TNS for Solaris: Version 8.1.7.0.0 - Production
	TCP/IP NT Protocol Adapter for Solaris: Version 8.1.7.0.0 - Production
  Time: 05-FEB-2008 12:18:17
  Tracing not turned on.
  Tns error struct:
    nr err code: 0
    ns main err code: 12541
    TNS-12541: Message 12541 not found; No message file for product=network, facility=TNS
    ns secondary err code: 12560
    nt main err code: 511
    TNS-00511: Message 511 not found; No message file for product=network, facility=TNS
    nt secondary err code: 146
    nt OS err code: 0


***********************************************************************
Fatal NI connect error 12541, connecting to:
 (DESCRIPTION=(CONNECT_DATA=(SID=*)(SERVICE_NAME=ydoradev.)(CID=(PROGRAM=)(HOST=ydappdev)(USER=apache2)))(ADDRESS=(PROTOCOL=TCP)(HOST=ydoradev)(PORT=1521)))

  VERSION INFORMATION:
	TNS for Solaris: Version 8.1.7.0.0 - Production
	TCP/IP NT Protocol Adapter for Solaris: Version 8.1.7.0.0 - Production
  Time: 05-FEB-2008 12:18:18
  Tracing not turned on.
  Tns error struct:
    nr err code: 0
    ns main err code: 12541
    TNS-12541: Message 12541 not found; No message file for product=network, facility=TNS
    ns secondary err code: 12560
    nt main err code: 511
    TNS-00511: Message 511 not found; No message file for product=network, facility=TNS
    nt secondary err code: 146
    nt OS err code: 0


***********************************************************************
Fatal NI connect error 12541, connecting to:
 (DESCRIPTION=(CONNECT_DATA=(SID=*)(SERVICE_NAME=ydoradev.)(CID=(PROGRAM=)(HOST=ydappdev)(USER=apache2)))(ADDRESS=(PROTOCOL=TCP)(HOST=ydoradev)(PORT=1521)))

  VERSION INFORMATION:
	TNS for Solaris: Version 8.1.7.0.0 - Production
	TCP/IP NT Protocol Adapter for Solaris: Version 8.1.7.0.0 - Production
  Time: 05-FEB-2008 12:18:18
  Tracing not turned on.
  Tns error struct:
    nr err code: 0
    ns main err code: 12541
    TNS-12541: Message 12541 not found; No message file for product=network, facility=TNS
    ns secondary err code: 12560
    nt main err code: 511
    TNS-00511: Message 511 not found; No message file for product=network, facility=TNS
    nt secondary err code: 146
    nt OS err code: 0
