

***********************************************************************
Fatal NI connect error 12514, connecting to:
 (DESCRIPTION=(CONNECT_DATA=(SID=*)(SERVICE_NAME=ydbasilisk.ymp.gov)(CID=(PROGRAM=)(HOST=ydappdev)(USER=apache2)))(ADDRESS=(PROTOCOL=TCP)(HOST=ydbasilisk.ymp.gov)(PORT=1521)))

  VERSION INFORMATION:
	TNS for Solaris: Version 8.1.7.0.0 - Production
	TCP/IP NT Protocol Adapter for Solaris: Version 8.1.7.0.0 - Production
  Time: 18-NOV-2006 14:40:31
  Tracing not turned on.
  Tns error struct:
    nr err code: 0
    ns main err code: 12564
    TNS-12564: Message 12564 not found; No message file for product=network, facility=TNS
    ns secondary err code: 0
    nt main err code: 0
    nt secondary err code: 0
    nt OS err code: 0


***********************************************************************
Fatal NI connect error 12514, connecting to:
 (DESCRIPTION=(CONNECT_DATA=(SID=*)(SERVICE_NAME=ydbasilisk.ymp.gov)(CID=(PROGRAM=)(HOST=ydappdev)(USER=apache2)))(ADDRESS=(PROTOCOL=TCP)(HOST=ydbasilisk.ymp.gov)(PORT=1521)))

  VERSION INFORMATION:
	TNS for Solaris: Version 8.1.7.0.0 - Production
	TCP/IP NT Protocol Adapter for Solaris: Version 8.1.7.0.0 - Production
  Time: 18-NOV-2006 14:40:33
  Tracing not turned on.
  Tns error struct:
    nr err code: 0
    ns main err code: 12564
    TNS-12564: Message 12564 not found; No message file for product=network, facility=TNS
    ns secondary err code: 0
    nt main err code: 0
    nt secondary err code: 0
    nt OS err code: 0


***********************************************************************
Fatal NI connect error 12514, connecting to:
 (DESCRIPTION=(CONNECT_DATA=(SID=*)(SERVICE_NAME=ydbasilisk.ymp.gov)(CID=(PROGRAM=)(HOST=ydappdev)(USER=apache2)))(ADDRESS=(PROTOCOL=TCP)(HOST=ydbasilisk.ymp.gov)(PORT=1521)))

  VERSION INFORMATION:
	TNS for Solaris: Version 8.1.7.0.0 - Production
	TCP/IP NT Protocol Adapter for Solaris: Version 8.1.7.0.0 - Production
  Time: 18-NOV-2006 14:40:47
  Tracing not turned on.
  Tns error struct:
    nr err code: 0
    ns main err code: 12564
    TNS-12564: Message 12564 not found; No message file for product=network, facility=TNS
    ns secondary err code: 0
    nt main err code: 0
    nt secondary err code: 0
    nt OS err code: 0


***********************************************************************
Fatal NI connect error 12514, connecting to:
 (DESCRIPTION=(CONNECT_DATA=(SID=*)(SERVICE_NAME=ydbasilisk.ymp.gov)(CID=(PROGRAM=)(HOST=ydappdev)(USER=apache2)))(ADDRESS=(PROTOCOL=TCP)(HOST=ydbasilisk.ymp.gov)(PORT=1521)))

  VERSION INFORMATION:
	TNS for Solaris: Version 8.1.7.0.0 - Production
	TCP/IP NT Protocol Adapter for Solaris: Version 8.1.7.0.0 - Production
  Time: 18-NOV-2006 14:40:49
  Tracing not turned on.
  Tns error struct:
    nr err code: 0
    ns main err code: 12564
    TNS-12564: Message 12564 not found; No message file for product=network, facility=TNS
    ns secondary err code: 0
    nt main err code: 0
    nt secondary err code: 0
    nt OS err code: 0


***********************************************************************
Fatal NI connect error 12514, connecting to:
 (DESCRIPTION=(CONNECT_DATA=(SID=*)(SERVICE_NAME=ydbasilisk.ymp.gov)(CID=(PROGRAM=)(HOST=ydappdev)(USER=apache2)))(ADDRESS=(PROTOCOL=TCP)(HOST=ydbasilisk.ymp.gov)(PORT=1521)))

  VERSION INFORMATION:
	TNS for Solaris: Version 8.1.7.0.0 - Production
	TCP/IP NT Protocol Adapter for Solaris: Version 8.1.7.0.0 - Production
  Time: 18-NOV-2006 14:44:44
  Tracing not turned on.
  Tns error struct:
    nr err code: 0
    ns main err code: 12564
    TNS-12564: Message 12564 not found; No message file for product=network, facility=TNS
    ns secondary err code: 0
    nt main err code: 0
    nt secondary err code: 0
    nt OS err code: 0


***********************************************************************
Fatal NI connect error 12514, connecting to:
 (DESCRIPTION=(CONNECT_DATA=(SID=*)(SERVICE_NAME=ydbasilisk.ymp.gov)(CID=(PROGRAM=)(HOST=ydappdev)(USER=apache2)))(ADDRESS=(PROTOCOL=TCP)(HOST=ydbasilisk.ymp.gov)(PORT=1521)))

  VERSION INFORMATION:
	TNS for Solaris: Version 8.1.7.0.0 - Production
	TCP/IP NT Protocol Adapter for Solaris: Version 8.1.7.0.0 - Production
  Time: 18-NOV-2006 14:44:46
  Tracing not turned on.
  Tns error struct:
    nr err code: 0
    ns main err code: 12564
    TNS-12564: Message 12564 not found; No message file for product=network, facility=TNS
    ns secondary err code: 0
    nt main err code: 0
    nt secondary err code: 0
    nt OS err code: 0


***********************************************************************
Fatal NI connect error 12514, connecting to:
 (DESCRIPTION=(CONNECT_DATA=(SID=*)(SERVICE_NAME=ydbasilisk.ymp.gov)(CID=(PROGRAM=)(HOST=ydappdev)(USER=apache2)))(ADDRESS=(PROTOCOL=TCP)(HOST=ydbasilisk.ymp.gov)(PORT=1521)))

  VERSION INFORMATION:
	TNS for Solaris: Version 8.1.7.0.0 - Production
	TCP/IP NT Protocol Adapter for Solaris: Version 8.1.7.0.0 - Production
  Time: 18-NOV-2006 14:51:53
  Tracing not turned on.
  Tns error struct:
    nr err code: 0
    ns main err code: 12564
    TNS-12564: Message 12564 not found; No message file for product=network, facility=TNS
    ns secondary err code: 0
    nt main err code: 0
    nt secondary err code: 0
    nt OS err code: 0


***********************************************************************
Fatal NI connect error 12514, connecting to:
 (DESCRIPTION=(CONNECT_DATA=(SID=*)(SERVICE_NAME=ydbasilisk.ymp.gov)(CID=(PROGRAM=)(HOST=ydappdev)(USER=apache2)))(ADDRESS=(PROTOCOL=TCP)(HOST=ydbasilisk.ymp.gov)(PORT=1521)))

  VERSION INFORMATION:
	TNS for Solaris: Version 8.1.7.0.0 - Production
	TCP/IP NT Protocol Adapter for Solaris: Version 8.1.7.0.0 - Production
  Time: 18-NOV-2006 14:55:29
  Tracing not turned on.
  Tns error struct:
    nr err code: 0
    ns main err code: 12564
    TNS-12564: Message 12564 not found; No message file for product=network, facility=TNS
    ns secondary err code: 0
    nt main err code: 0
    nt secondary err code: 0
    nt OS err code: 0


***********************************************************************
Fatal NI connect error 12514, connecting to:
 (DESCRIPTION=(CONNECT_DATA=(SID=*)(SERVICE_NAME=ydbasilisk.ymp.gov)(CID=(PROGRAM=)(HOST=ydappdev)(USER=apache2)))(ADDRESS=(PROTOCOL=TCP)(HOST=ydbasilisk.ymp.gov)(PORT=1521)))

  VERSION INFORMATION:
	TNS for Solaris: Version 8.1.7.0.0 - Production
	TCP/IP NT Protocol Adapter for Solaris: Version 8.1.7.0.0 - Production
  Time: 18-NOV-2006 14:55:30
  Tracing not turned on.
  Tns error struct:
    nr err code: 0
    ns main err code: 12564
    TNS-12564: Message 12564 not found; No message file for product=network, facility=TNS
    ns secondary err code: 0
    nt main err code: 0
    nt secondary err code: 0
    nt OS err code: 0


***********************************************************************
Fatal NI connect error 12514, connecting to:
 (DESCRIPTION=(CONNECT_DATA=(SID=*)(SERVICE_NAME=ydbasilisk.ymp.gov)(CID=(PROGRAM=)(HOST=ydappdev)(USER=apache2)))(ADDRESS=(PROTOCOL=TCP)(HOST=ydbasilisk.ymp.gov)(PORT=1521)))

  VERSION INFORMATION:
	TNS for Solaris: Version 8.1.7.0.0 - Production
	TCP/IP NT Protocol Adapter for Solaris: Version 8.1.7.0.0 - Production
  Time: 18-NOV-2006 14:55:33
  Tracing not turned on.
  Tns error struct:
    nr err code: 0
    ns main err code: 12564
    TNS-12564: Message 12564 not found; No message file for product=network, facility=TNS
    ns secondary err code: 0
    nt main err code: 0
    nt secondary err code: 0
    nt OS err code: 0


***********************************************************************
Fatal NI connect error 12514, connecting to:
 (DESCRIPTION=(CONNECT_DATA=(SID=*)(SERVICE_NAME=ydbasilisk.)(CID=(PROGRAM=)(HOST=ydappdev)(USER=apache2)))(ADDRESS=(PROTOCOL=TCP)(HOST=ydbasilisk)(PORT=1521)))

  VERSION INFORMATION:
	TNS for Solaris: Version 8.1.7.0.0 - Production
	TCP/IP NT Protocol Adapter for Solaris: Version 8.1.7.0.0 - Production
  Time: 18-NOV-2006 15:17:27
  Tracing not turned on.
  Tns error struct:
    nr err code: 0
    ns main err code: 12564
    TNS-12564: Message 12564 not found; No message file for product=network, facility=TNS
    ns secondary err code: 0
    nt main err code: 0
    nt secondary err code: 0
    nt OS err code: 0


***********************************************************************
Fatal NI connect error 12514, connecting to:
 (DESCRIPTION=(CONNECT_DATA=(SID=*)(SERVICE_NAME=ydbasilisk.)(CID=(PROGRAM=)(HOST=ydappdev)(USER=apache2)))(ADDRESS=(PROTOCOL=TCP)(HOST=ydbasilisk)(PORT=1521)))

  VERSION INFORMATION:
	TNS for Solaris: Version 8.1.7.0.0 - Production
	TCP/IP NT Protocol Adapter for Solaris: Version 8.1.7.0.0 - Production
  Time: 18-NOV-2006 15:17:28
  Tracing not turned on.
  Tns error struct:
    nr err code: 0
    ns main err code: 12564
    TNS-12564: Message 12564 not found; No message file for product=network, facility=TNS
    ns secondary err code: 0
    nt main err code: 0
    nt secondary err code: 0
    nt OS err code: 0


***********************************************************************
Fatal NI connect error 12514, connecting to:
 (DESCRIPTION=(CONNECT_DATA=(SID=*)(SERVICE_NAME=ydbasilisk.)(CID=(PROGRAM=)(HOST=ydappdev)(USER=apache2)))(ADDRESS=(PROTOCOL=TCP)(HOST=ydbasilisk)(PORT=1521)))

  VERSION INFORMATION:
	TNS for Solaris: Version 8.1.7.0.0 - Production
	TCP/IP NT Protocol Adapter for Solaris: Version 8.1.7.0.0 - Production
  Time: 18-NOV-2006 15:18:10
  Tracing not turned on.
  Tns error struct:
    nr err code: 0
    ns main err code: 12564
    TNS-12564: Message 12564 not found; No message file for product=network, facility=TNS
    ns secondary err code: 0
    nt main err code: 0
    nt secondary err code: 0
    nt OS err code: 0


***********************************************************************
Fatal NI connect error 12514, connecting to:
 (DESCRIPTION=(CONNECT_DATA=(SID=*)(SERVICE_NAME=ydbasilisk.)(CID=(PROGRAM=)(HOST=ydappdev)(USER=apache2)))(ADDRESS=(PROTOCOL=TCP)(HOST=ydbasilisk)(PORT=1521)))

  VERSION INFORMATION:
	TNS for Solaris: Version 8.1.7.0.0 - Production
	TCP/IP NT Protocol Adapter for Solaris: Version 8.1.7.0.0 - Production
  Time: 18-NOV-2006 15:18:13
  Tracing not turned on.
  Tns error struct:
    nr err code: 0
    ns main err code: 12564
    TNS-12564: Message 12564 not found; No message file for product=network, facility=TNS
    ns secondary err code: 0
    nt main err code: 0
    nt secondary err code: 0
    nt OS err code: 0


***********************************************************************
Fatal NI connect error 12541, connecting to:
 (DESCRIPTION=(CONNECT_DATA=(SID=*)(SERVICE_NAME=ydoradev.)(CID=(PROGRAM=)(HOST=ydappdev)(USER=apache2)))(ADDRESS=(PROTOCOL=TCP)(HOST=ydoradev)(PORT=1521)))

  VERSION INFORMATION:
	TNS for Solaris: Version 8.1.7.0.0 - Production
	TCP/IP NT Protocol Adapter for Solaris: Version 8.1.7.0.0 - Production
  Time: 19-NOV-2006 19:21:17
  Tracing not turned on.
  Tns error struct:
    nr err code: 0
    ns main err code: 12541
    TNS-12541: Message 12541 not found; No message file for product=network, facility=TNS
    ns secondary err code: 12560
    nt main err code: 511
    TNS-00511: Message 511 not found; No message file for product=network, facility=TNS
    nt secondary err code: 146
    nt OS err code: 0


***********************************************************************
Fatal NI connect error 12541, connecting to:
 (DESCRIPTION=(CONNECT_DATA=(SID=*)(SERVICE_NAME=ydoradev.)(CID=(PROGRAM=)(HOST=ydappdev)(USER=apache2)))(ADDRESS=(PROTOCOL=TCP)(HOST=ydoradev)(PORT=1521)))

  VERSION INFORMATION:
	TNS for Solaris: Version 8.1.7.0.0 - Production
	TCP/IP NT Protocol Adapter for Solaris: Version 8.1.7.0.0 - Production
  Time: 19-NOV-2006 19:21:20
  Tracing not turned on.
  Tns error struct:
    nr err code: 0
    ns main err code: 12541
    TNS-12541: Message 12541 not found; No message file for product=network, facility=TNS
    ns secondary err code: 12560
    nt main err code: 511
    TNS-00511: Message 511 not found; No message file for product=network, facility=TNS
    nt secondary err code: 146
    nt OS err code: 0


***********************************************************************
Fatal NI connect error 12541, connecting to:
 (DESCRIPTION=(CONNECT_DATA=(SID=*)(SERVICE_NAME=ydoradev.)(CID=(PROGRAM=)(HOST=ydappdev)(USER=apache2)))(ADDRESS=(PROTOCOL=TCP)(HOST=ydoradev)(PORT=1521)))

  VERSION INFORMATION:
	TNS for Solaris: Version 8.1.7.0.0 - Production
	TCP/IP NT Protocol Adapter for Solaris: Version 8.1.7.0.0 - Production
  Time: 19-NOV-2006 19:22:27
  Tracing not turned on.
  Tns error struct:
    nr err code: 0
    ns main err code: 12541
    TNS-12541: Message 12541 not found; No message file for product=network, facility=TNS
    ns secondary err code: 12560
    nt main err code: 511
    TNS-00511: Message 511 not found; No message file for product=network, facility=TNS
    nt secondary err code: 146
    nt OS err code: 0


***********************************************************************
Fatal NI connect error 12541, connecting to:
 (DESCRIPTION=(CONNECT_DATA=(SID=*)(SERVICE_NAME=ydoradev.)(CID=(PROGRAM=)(HOST=ydappdev)(USER=apache2)))(ADDRESS=(PROTOCOL=TCP)(HOST=ydoradev)(PORT=1521)))

  VERSION INFORMATION:
	TNS for Solaris: Version 8.1.7.0.0 - Production
	TCP/IP NT Protocol Adapter for Solaris: Version 8.1.7.0.0 - Production
  Time: 19-NOV-2006 19:22:28
  Tracing not turned on.
  Tns error struct:
    nr err code: 0
    ns main err code: 12541
    TNS-12541: Message 12541 not found; No message file for product=network, facility=TNS
    ns secondary err code: 12560
    nt main err code: 511
    TNS-00511: Message 511 not found; No message file for product=network, facility=TNS
    nt secondary err code: 146
    nt OS err code: 0


***********************************************************************
Fatal NI connect error 12541, connecting to:
 (DESCRIPTION=(CONNECT_DATA=(SID=*)(SERVICE_NAME=ydoradev.ymp.gov)(CID=(PROGRAM=)(HOST=ydappdev)(USER=apache2)))(ADDRESS=(PROTOCOL=TCP)(HOST=ydoradev)(PORT=1521)))

  VERSION INFORMATION:
	TNS for Solaris: Version 8.1.7.0.0 - Production
	TCP/IP NT Protocol Adapter for Solaris: Version 8.1.7.0.0 - Production
  Time: 22-OCT-2007 22:27:14
  Tracing not turned on.
  Tns error struct:
    nr err code: 0
    ns main err code: 12541
    TNS-12541: Message 12541 not found; No message file for product=network, facility=TNS
    ns secondary err code: 12560
    nt main err code: 511
    TNS-00511: Message 511 not found; No message file for product=network, facility=TNS
    nt secondary err code: 146
    nt OS err code: 0


***********************************************************************
Fatal NI connect error 12541, connecting to:
 (DESCRIPTION=(CONNECT_DATA=(SID=*)(SERVICE_NAME=ydoradev.ymp.gov)(CID=(PROGRAM=)(HOST=ydappdev)(USER=apache2)))(ADDRESS=(PROTOCOL=TCP)(HOST=ydoradev)(PORT=1521)))

  VERSION INFORMATION:
	TNS for Solaris: Version 8.1.7.0.0 - Production
	TCP/IP NT Protocol Adapter for Solaris: Version 8.1.7.0.0 - Production
  Time: 22-OCT-2007 22:27:17
  Tracing not turned on.
  Tns error struct:
    nr err code: 0
    ns main err code: 12541
    TNS-12541: Message 12541 not found; No message file for product=network, facility=TNS
    ns secondary err code: 12560
    nt main err code: 511
    TNS-00511: Message 511 not found; No message file for product=network, facility=TNS
    nt secondary err code: 146
    nt OS err code: 0


***********************************************************************
Fatal NI connect error 12541, connecting to:
 (DESCRIPTION=(CONNECT_DATA=(SID=*)(SERVICE_NAME=ydoradev.)(CID=(PROGRAM=)(HOST=ydappdev)(USER=apache2)))(ADDRESS=(PROTOCOL=TCP)(HOST=ydoradev)(PORT=1521)))

  VERSION INFORMATION:
	TNS for Solaris: Version 8.1.7.0.0 - Production
	TCP/IP NT Protocol Adapter for Solaris: Version 8.1.7.0.0 - Production
  Time: 04-SEP-2008 22:05:49
  Tracing not turned on.
  Tns error struct:
    nr err code: 0
    ns main err code: 12541
    TNS-12541: Message 12541 not found; No message file for product=network, facility=TNS
    ns secondary err code: 12560
    nt main err code: 511
    TNS-00511: Message 511 not found; No message file for product=network, facility=TNS
    nt secondary err code: 146
    nt OS err code: 0


***********************************************************************
Fatal NI connect error 12541, connecting to:
 (DESCRIPTION=(CONNECT_DATA=(SID=*)(SERVICE_NAME=ydoradev.)(CID=(PROGRAM=)(HOST=ydappdev)(USER=apache2)))(ADDRESS=(PROTOCOL=TCP)(HOST=ydoradev)(PORT=1521)))

  VERSION INFORMATION:
	TNS for Solaris: Version 8.1.7.0.0 - Production
	TCP/IP NT Protocol Adapter for Solaris: Version 8.1.7.0.0 - Production
  Time: 16-OCT-2008 19:51:46
  Tracing not turned on.
  Tns error struct:
    nr err code: 0
    ns main err code: 12541
    TNS-12541: Message 12541 not found; No message file for product=network, facility=TNS
    ns secondary err code: 12560
    nt main err code: 511
    TNS-00511: Message 511 not found; No message file for product=network, facility=TNS
    nt secondary err code: 146
    nt OS err code: 0


***********************************************************************
Fatal NI connect error 12541, connecting to:
 (DESCRIPTION=(CONNECT_DATA=(SID=*)(SERVICE_NAME=ydoradev.)(CID=(PROGRAM=)(HOST=ydappdev)(USER=apache2)))(ADDRESS=(PROTOCOL=TCP)(HOST=ydoradev)(PORT=1521)))

  VERSION INFORMATION:
	TNS for Solaris: Version 8.1.7.0.0 - Production
	TCP/IP NT Protocol Adapter for Solaris: Version 8.1.7.0.0 - Production
  Time: 16-OCT-2008 19:52:31
  Tracing not turned on.
  Tns error struct:
    nr err code: 0
    ns main err code: 12541
    TNS-12541: Message 12541 not found; No message file for product=network, facility=TNS
    ns secondary err code: 12560
    nt main err code: 511
    TNS-00511: Message 511 not found; No message file for product=network, facility=TNS
    nt secondary err code: 146
    nt OS err code: 0


***********************************************************************
Fatal NI connect error 12541, connecting to:
 (DESCRIPTION=(CONNECT_DATA=(SID=*)(SERVICE_NAME=ydoradev.)(CID=(PROGRAM=)(HOST=ydappdev)(USER=apache2)))(ADDRESS=(PROTOCOL=TCP)(HOST=ydoradev)(PORT=1521)))

  VERSION INFORMATION:
	TNS for Solaris: Version 8.1.7.0.0 - Production
	TCP/IP NT Protocol Adapter for Solaris: Version 8.1.7.0.0 - Production
  Time: 16-OCT-2008 19:52:35
  Tracing not turned on.
  Tns error struct:
    nr err code: 0
    ns main err code: 12541
    TNS-12541: Message 12541 not found; No message file for product=network, facility=TNS
    ns secondary err code: 12560
    nt main err code: 511
    TNS-00511: Message 511 not found; No message file for product=network, facility=TNS
    nt secondary err code: 146
    nt OS err code: 0


***********************************************************************
Fatal NI connect error 12514, connecting to:
 (DESCRIPTION=(CONNECT_DATA=(SID=*)(SERVICE_NAME=ydoracle.ymp.gov)(CID=(PROGRAM=)(HOST=ydappdev)(USER=apache2)))(ADDRESS=(PROTOCOL=TCP)(HOST=ydoracle.ymp.gov)(PORT=1521)))

  VERSION INFORMATION:
	TNS for Solaris: Version 8.1.7.0.0 - Production
	TCP/IP NT Protocol Adapter for Solaris: Version 8.1.7.0.0 - Production
  Time: 02-SEP-2009 13:36:13
  Tracing not turned on.
  Tns error struct:
    nr err code: 0
    ns main err code: 12564
    TNS-12564: Message 12564 not found; No message file for product=network, facility=TNS
    ns secondary err code: 0
    nt main err code: 0
    nt secondary err code: 0
    nt OS err code: 0


***********************************************************************
Fatal NI connect error 12514, connecting to:
 (DESCRIPTION=(CONNECT_DATA=(SID=*)(SERVICE_NAME=ydoracle.ymp.gov)(CID=(PROGRAM=)(HOST=ydappdev)(USER=apache2)))(ADDRESS=(PROTOCOL=TCP)(HOST=ydoracle.ymp.gov)(PORT=1521)))

  VERSION INFORMATION:
	TNS for Solaris: Version 8.1.7.0.0 - Production
	TCP/IP NT Protocol Adapter for Solaris: Version 8.1.7.0.0 - Production
  Time: 02-SEP-2009 13:36:15
  Tracing not turned on.
  Tns error struct:
    nr err code: 0
    ns main err code: 12564
    TNS-12564: Message 12564 not found; No message file for product=network, facility=TNS
    ns secondary err code: 0
    nt main err code: 0
    nt secondary err code: 0
    nt OS err code: 0


***********************************************************************
Fatal NI connect error 12535, connecting to:
 (DESCRIPTION=(CONNECT_DATA=(SID=*)(SERVICE_NAME=ydoracle.ymp.gov)(CID=(PROGRAM=)(HOST=ydappdev)(USER=apache2)))(ADDRESS=(PROTOCOL=TCP)(HOST=ydoracle.ymp.gov)(PORT=1521)))

  VERSION INFORMATION:
	TNS for Solaris: Version 8.1.7.0.0 - Production
	TCP/IP NT Protocol Adapter for Solaris: Version 8.1.7.0.0 - Production
  Time: 04-OCT-2009 12:51:28
  Tracing not turned on.
  Tns error struct:
    nr err code: 0
    ns main err code: 12535
    TNS-12535: Message 12535 not found; No message file for product=network, facility=TNS
    ns secondary err code: 12560
    nt main err code: 505
    TNS-00505: Message 505 not found; No message file for product=network, facility=TNS


***********************************************************************
Fatal NI connect error 12535, connecting to:
 (DESCRIPTION=(CONNECT_DATA=(SID=*)(SERVICE_NAME=ydoracle.ymp.gov)(CID=(PROGRAM=)(HOST=ydappdev)(USER=apache2)))(ADDRESS=(PROTOCOL=TCP)(HOST=ydoracle.ymp.gov)(PORT=1521)))

  VERSION INFORMATION:
	TNS for Solaris: Version 8.1.7.0.0 - Production
	TCP/IP NT Protocol Adapter for Solaris: Version 8.1.7.0.0 - Production
  Time: 04-OCT-2009 12:51:33
  Tracing not turned on.
  Tns error struct:
    nr err code: 0
    ns main err code: 12535
    TNS-12535: Message 12535 not found; No message file for product=network, facility=TNS
    ns secondary err code: 12560
    nt main err code: 505
    TNS-00505: Message 505 not found; No message file for product=network, facility=TNS


***********************************************************************
Fatal NI connect error 12535, connecting to:
 (DESCRIPTION=(CONNECT_DATA=(SID=*)(SERVICE_NAME=ydoracle.ymp.gov)(CID=(PROGRAM=)(HOST=ydappdev)(USER=apache2)))(ADDRESS=(PROTOCOL=TCP)(HOST=ydoracle.ymp.gov)(PORT=1521)))

  VERSION INFORMATION:
	TNS for Solaris: Version 8.1.7.0.0 - Production
	TCP/IP NT Protocol Adapter for Solaris: Version 8.1.7.0.0 - Production
  Time: 04-OCT-2009 12:52:40
  Tracing not turned on.
  Tns error struct:
    nr err code: 0
    ns main err code: 12535
    TNS-12535: Message 12535 not found; No message file for product=network, facility=TNS
    ns secondary err code: 12560
    nt main err code: 505
    TNS-00505: Message 505 not found; No message file for product=network, facility=TNS


***********************************************************************
Fatal NI connect error 12535, connecting to:
 (DESCRIPTION=(CONNECT_DATA=(SID=*)(SERVICE_NAME=ydoracle.ymp.gov)(CID=(PROGRAM=)(HOST=ydappdev)(USER=apache2)))(ADDRESS=(PROTOCOL=TCP)(HOST=ydoracle.ymp.gov)(PORT=1521)))

  VERSION INFORMATION:
	TNS for Solaris: Version 8.1.7.0.0 - Production
	TCP/IP NT Protocol Adapter for Solaris: Version 8.1.7.0.0 - Production
  Time: 04-OCT-2009 12:52:44
  Tracing not turned on.
  Tns error struct:
    nr err code: 0
    ns main err code: 12535
    TNS-12535: Message 12535 not found; No message file for product=network, facility=TNS
    ns secondary err code: 12560
    nt main err code: 505
    TNS-00505: Message 505 not found; No message file for product=network, facility=TNS


***********************************************************************
Fatal NI connect error 12537, connecting to:
 (DESCRIPTION=(CONNECT_DATA=(SID=*)(SERVICE_NAME=ydoracle.ymp.gov)(CID=(PROGRAM=)(HOST=ydappdev)(USER=apache2)))(ADDRESS=(PROTOCOL=TCP)(HOST=ydoracle.ymp.gov)(PORT=1521)))

  VERSION INFORMATION:
	TNS for Solaris: Version 8.1.7.0.0 - Production
	TCP/IP NT Protocol Adapter for Solaris: Version 8.1.7.0.0 - Production
  Time: 13-OCT-2009 12:50:21
  Tracing not turned on.
  Tns error struct:
    nr err code: 0
    ns main err code: 12537
    TNS-12537: Message 12537 not found; No message file for product=network, facility=TNS
    ns secondary err code: 12560
    nt main err code: 507
    TNS-00507: Message 507 not found; No message file for product=network, facility=TNS
    nt secondary err code: 0
    nt OS err code: 0


***********************************************************************
Fatal NI connect error 12537, connecting to:
 (DESCRIPTION=(CONNECT_DATA=(SID=*)(SERVICE_NAME=ydoracle.ymp.gov)(CID=(PROGRAM=)(HOST=ydappdev)(USER=apache2)))(ADDRESS=(PROTOCOL=TCP)(HOST=ydoracle.ymp.gov)(PORT=1521)))

  VERSION INFORMATION:
	TNS for Solaris: Version 8.1.7.0.0 - Production
	TCP/IP NT Protocol Adapter for Solaris: Version 8.1.7.0.0 - Production
  Time: 13-OCT-2009 12:50:23
  Tracing not turned on.
  Tns error struct:
    nr err code: 0
    ns main err code: 12537
    TNS-12537: Message 12537 not found; No message file for product=network, facility=TNS
    ns secondary err code: 12560
    nt main err code: 507
    TNS-00507: Message 507 not found; No message file for product=network, facility=TNS
    nt secondary err code: 0
    nt OS err code: 0


***********************************************************************
Fatal NI connect error 12535, connecting to:
 (DESCRIPTION=(CONNECT_DATA=(SID=*)(SERVICE_NAME=ydoracle.ymp.gov)(CID=(PROGRAM=)(HOST=ydappdev)(USER=apache2)))(ADDRESS=(PROTOCOL=TCP)(HOST=ydoracle.ymp.gov)(PORT=1521)))

  VERSION INFORMATION:
	TNS for Solaris: Version 8.1.7.0.0 - Production
	TCP/IP NT Protocol Adapter for Solaris: Version 8.1.7.0.0 - Production
  Time: 10-NOV-2009 20:21:59
  Tracing not turned on.
  Tns error struct:
    nr err code: 0
    ns main err code: 12535
    TNS-12535: Message 12535 not found; No message file for product=network, facility=TNS
    ns secondary err code: 12560
    nt main err code: 505
    TNS-00505: Message 505 not found; No message file for product=network, facility=TNS


***********************************************************************
Fatal NI connect error 12535, connecting to:
 (DESCRIPTION=(CONNECT_DATA=(SID=*)(SERVICE_NAME=ydoracle.ymp.gov)(CID=(PROGRAM=)(HOST=ydappdev)(USER=apache2)))(ADDRESS=(PROTOCOL=TCP)(HOST=ydoracle.ymp.gov)(PORT=1521)))

  VERSION INFORMATION:
	TNS for Solaris: Version 8.1.7.0.0 - Production
	TCP/IP NT Protocol Adapter for Solaris: Version 8.1.7.0.0 - Production
  Time: 10-NOV-2009 20:22:07
  Tracing not turned on.
  Tns error struct:
    nr err code: 0
    ns main err code: 12535
    TNS-12535: Message 12535 not found; No message file for product=network, facility=TNS
    ns secondary err code: 12560
    nt main err code: 505
    TNS-00505: Message 505 not found; No message file for product=network, facility=TNS
